<?xml version="1.0" encoding="UTF-8"?>
<!-- Generated by org.testng.reporters.JUnitReportReporter -->
<testsuite skipped="2" hostname="zafirahi5" name="com.list.List" tests="3" failures="0" timestamp="28 Jan 2019 00:04:12 GMT" time="0.008" errors="0">
  <testcase name="loop" time="0.008" classname="com.list.List"/>
  <testcase name="arrayList" classname="com.list.List">
    <skipped/>
  </testcase> <!-- arrayList -->
  <testcase name="mtry" classname="com.list.List">
    <skipped/>
  </testcase> <!-- mtry -->
</testsuite> <!-- com.list.List -->
